Determining if the pthread_create exist failed with the following output:
Change Dir: /home/lruegeme/projects/pal-forks/pal_gazebo_plugins/cmake-build-debug/CMakeFiles/CMakeTmp

Run Build Command:"/usr/bin/make" "cmTC_a7ab0/fast"
/usr/bin/make -f CMakeFiles/cmTC_a7ab0.dir/build.make CMakeFiles/cmTC_a7ab0.dir/build
make[1]: Entering directory '/home/lruegeme/projects/pal-forks/pal_gazebo_plugins/cmake-build-debug/CMakeFiles/CMakeTmp'
Building C object CMakeFiles/cmTC_a7ab0.dir/CheckSymbolExists.c.o
/usr/bin/cc    -o CMakeFiles/cmTC_a7ab0.dir/CheckSymbolExists.c.o   -c /home/lruegeme/projects/pal-forks/pal_gazebo_plugins/cmake-build-debug/CMakeFiles/CMakeTmp/CheckSymbolExists.c
Linking C executable cmTC_a7ab0
/home/lruegeme/apps/clion-2017.3.1/bin/cmake/bin/cmake -E cmake_link_script CMakeFiles/cmTC_a7ab0.dir/link.txt --verbose=1
/usr/bin/cc      -rdynamic CMakeFiles/cmTC_a7ab0.dir/CheckSymbolExists.c.o  -o cmTC_a7ab0 
CMakeFiles/cmTC_a7ab0.dir/CheckSymbolExists.c.o: In function `main':
CheckSymbolExists.c:(.text+0x16): undefined reference to `pthread_create'
collect2: error: ld returned 1 exit status
CMakeFiles/cmTC_a7ab0.dir/build.make:97: recipe for target 'cmTC_a7ab0' failed
make[1]: *** [cmTC_a7ab0] Error 1
make[1]: Leaving directory '/home/lruegeme/projects/pal-forks/pal_gazebo_plugins/cmake-build-debug/CMakeFiles/CMakeTmp'
Makefile:126: recipe for target 'cmTC_a7ab0/fast' failed
make: *** [cmTC_a7ab0/fast] Error 2

File /home/lruegeme/projects/pal-forks/pal_gazebo_plugins/cmake-build-debug/CMakeFiles/CMakeTmp/CheckSymbolExists.c:
/* */
#include <pthread.h>

int main(int argc, char** argv)
{
  (void)argv;
#ifndef pthread_create
  return ((int*)(&pthread_create))[argc];
#else
  (void)argc;
  return 0;
#endif
}

Determining if the function pthread_create exists in the pthreads failed with the following output:
Change Dir: /home/lruegeme/projects/pal-forks/pal_gazebo_plugins/cmake-build-debug/CMakeFiles/CMakeTmp

Run Build Command:"/usr/bin/make" "cmTC_99db2/fast"
/usr/bin/make -f CMakeFiles/cmTC_99db2.dir/build.make CMakeFiles/cmTC_99db2.dir/build
make[1]: Entering directory '/home/lruegeme/projects/pal-forks/pal_gazebo_plugins/cmake-build-debug/CMakeFiles/CMakeTmp'
Building C object CMakeFiles/cmTC_99db2.dir/CheckFunctionExists.c.o
/usr/bin/cc   -DCHECK_FUNCTION_EXISTS=pthread_create   -o CMakeFiles/cmTC_99db2.dir/CheckFunctionExists.c.o   -c /home/lruegeme/apps/clion-2017.3.1/bin/cmake/share/cmake-3.9/Modules/CheckFunctionExists.c
Linking C executable cmTC_99db2
/home/lruegeme/apps/clion-2017.3.1/bin/cmake/bin/cmake -E cmake_link_script CMakeFiles/cmTC_99db2.dir/link.txt --verbose=1
/usr/bin/cc  -DCHECK_FUNCTION_EXISTS=pthread_create    -rdynamic CMakeFiles/cmTC_99db2.dir/CheckFunctionExists.c.o  -o cmTC_99db2 -lpthreads 
/usr/bin/ld: cannot find -lpthreads
collect2: error: ld returned 1 exit status
CMakeFiles/cmTC_99db2.dir/build.make:97: recipe for target 'cmTC_99db2' failed
make[1]: *** [cmTC_99db2] Error 1
make[1]: Leaving directory '/home/lruegeme/projects/pal-forks/pal_gazebo_plugins/cmake-build-debug/CMakeFiles/CMakeTmp'
Makefile:126: recipe for target 'cmTC_99db2/fast' failed
make: *** [cmTC_99db2/fast] Error 2


